{"numTotalTestSuites":7,"numPassedTestSuites":7,"numFailedTestSuites":0,"numPendingTestSuites":0,"numTotalTests":38,"numPassedTests":38,"numFailedTests":0,"numPendingTests":0,"numTodoTests":0,"snapshot":{"added":0,"failure":false,"filesAdded":0,"filesRemoved":0,"filesRemovedList":[],"filesUnmatched":0,"filesUpdated":0,"matched":0,"total":0,"unchecked":0,"uncheckedKeysByFile":[],"unmatched":0,"updated":0,"didUpdate":false},"startTime":1786246919131,"success":true,"testResults":[{"assertionResults":[{"ancestorTitles":[],"fullName":"first_seen_at is set on insert and preserved across recollection","status":"passed","title":"first_seen_at is set on insert and preserved across recollection","duration":21.891399999999976,"failureMessages":[],"meta":{},"tags":[]}],"startTime":1786246919940,"endTime":1786246919961.8914,"status":"passed","message":"","name":"C:/Users/jingh/my-search-app_public/articles-first-seen.test.ts"},{"assertionResults":[{"ancestorTitles":[],"fullName":"query parser preserves raw query, phrases, Japanese terms, synonyms and exclusions","status":"passed","title":"query parser preserves raw query, phrases, Japanese terms, synonyms and exclusions","duration":11.41840000000002,"failureMessages":[],"meta":{},"tags":[]}],"startTime":1786246919758,"endTime":1786246919769.4185,"status":"passed","message":"","name":"C:/Users/jingh/my-search-app_public/query_parser.test.ts"},{"assertionResults":[{"ancestorTitles":["cards API validation"],"fullName":"cards API validation returns health status","status":"passed","title":"returns health status","duration":34.28800000000001,"failureMessages":[],"meta":{},"tags":[]},{"ancestorTitles":["cards API validation"],"fullName":"cards API validation echoes X-Request-Id response header","status":"passed","title":"echoes X-Request-Id response header","duration":9.668699999999944,"failureMessages":[],"meta":{},"tags":[]},{"ancestorTitles":["cards API validation"],"fullName":"cards API validation creates a card","status":"passed","title":"creates a card","duration":475.5684000000001,"failureMessages":[],"meta":{},"tags":[]},{"ancestorTitles":["cards API validation"],"fullName":"cards API validation rejects an empty title","status":"passed","title":"rejects an empty title","duration":15.55580000000009,"failureMessages":[],"meta":{},"tags":[]},{"ancestorTitles":["cards API validation"],"fullName":"cards API validation rejects an oversized body","status":"passed","title":"rejects an oversized body","duration":10.210000000000036,"failureMessages":[],"meta":{},"tags":[]},{"ancestorTitles":["cards API validation"],"fullName":"cards API validation returns 404 for a missing card id","status":"passed","title":"returns 404 for a missing card id","duration":7.56899999999996,"failureMessages":[],"meta":{},"tags":[]},{"ancestorTitles":["cards API validation"],"fullName":"cards API validation updates a card without changing its id","status":"passed","title":"updates a card without changing its id","duration":32.23559999999998,"failureMessages":[],"meta":{},"tags":[]},{"ancestorTitles":["cards API validation"],"fullName":"cards API validation deletes a card","status":"passed","title":"deletes a card","duration":39.96640000000025,"failureMessages":[],"meta":{},"tags":[]},{"ancestorTitles":["cards API validation"],"fullName":"cards API validation removes deleted card ids from other cards links","status":"passed","title":"removes deleted card ids from other cards links","duration":62.772500000000036,"failureMessages":[],"meta":{},"tags":[]},{"ancestorTitles":["cards API validation"],"fullName":"cards API validation rejects bulk operations when ids is not an array","status":"passed","title":"rejects bulk operations when ids is not an array","duration":12.102200000000266,"failureMessages":[],"meta":{},"tags":[]},{"ancestorTitles":["cards API validation"],"fullName":"cards API validation archives, restores, and bulk deletes cards","status":"passed","title":"archives, restores, and bulk deletes cards","duration":78.30330000000004,"failureMessages":[],"meta":{},"tags":[]},{"ancestorTitles":["cards API validation"],"fullName":"cards API validation removes bulk-deleted card ids from remaining cards links","status":"passed","title":"removes bulk-deleted card ids from remaining cards links","duration":125.5635000000002,"failureMessages":[],"meta":{},"tags":[]},{"ancestorTitles":["cards API validation"],"fullName":"cards API validation rejects self links","status":"passed","title":"rejects self links","duration":22.496000000000095,"failureMessages":[],"meta":{},"tags":[]},{"ancestorTitles":["cards API validation"],"fullName":"cards API validation creates directed links and derived backlinks","status":"passed","title":"creates directed links and derived backlinks","duration":98.29369999999972,"failureMessages":[],"meta":{},"tags":[]},{"ancestorTitles":["cards API validation"],"fullName":"cards API validation assigns and removes a card from a KJ group","status":"passed","title":"assigns and removes a card from a KJ group","duration":88.67389999999978,"failureMessages":[],"meta":{},"tags":[]},{"ancestorTitles":["cards API validation"],"fullName":"cards API validation filters card lists by archived state","status":"passed","title":"filters card lists by archived state","duration":62.14260000000013,"failureMessages":[],"meta":{},"tags":[]},{"ancestorTitles":["cards API validation"],"fullName":"cards API validation filters card lists by type","status":"passed","title":"filters card lists by type","duration":41.622100000000046,"failureMessages":[],"meta":{},"tags":[]},{"ancestorTitles":["cards API validation"],"fullName":"cards API validation filters card lists by tag","status":"passed","title":"filters card lists by tag","duration":41.80740000000014,"failureMessages":[],"meta":{},"tags":[]},{"ancestorTitles":["cards API validation"],"fullName":"cards API validation filters card lists by KJ group id","status":"passed","title":"filters card lists by KJ group id","duration":85.86259999999993,"failureMessages":[],"meta":{},"tags":[]},{"ancestorTitles":["cards API validation"],"fullName":"cards API validation keeps GET /api/cards backward compatible as an array without pagination params","status":"passed","title":"keeps GET /api/cards backward compatible as an array without pagination params","duration":27.907100000000355,"failureMessages":[],"meta":{},"tags":[]},{"ancestorTitles":["cards API validation"],"fullName":"cards API validation applies paged limit and offset after sorting by createdAt","status":"passed","title":"applies paged limit and offset after sorting by createdAt","duration":78.49240000000009,"failureMessages":[],"meta":{},"tags":[]},{"ancestorTitles":["cards API validation"],"fullName":"cards API validation uses SQL-backed q filtering across title, body, summary, and tags","status":"passed","title":"uses SQL-backed q filtering across title, body, summary, and tags","duration":89.8077000000003,"failureMessages":[],"meta":{},"tags":[]},{"ancestorTitles":["cards API validation"],"fullName":"cards API validation treats LIKE wildcard and escape characters as literals in q filters","status":"passed","title":"treats LIKE wildcard and escape characters as literals in q filters","duration":88.09479999999985,"failureMessages":[],"meta":{},"tags":[]},{"ancestorTitles":["cards API validation"],"fullName":"cards API validation caps oversized limits and safely handles invalid offsets","status":"passed","title":"caps oversized limits and safely handles invalid offsets","duration":1476.2594,"failureMessages":[],"meta":{},"tags":[]},{"ancestorTitles":["cards API validation"],"fullName":"cards API validation pages over more than 100 cards with limit and offset","status":"passed","title":"pages over more than 100 cards with limit and offset","duration":1949.3420000000006,"failureMessages":[],"meta":{},"tags":[]},{"ancestorTitles":["cards API validation"],"fullName":"cards API validation rejects invalid CSV imports","status":"passed","title":"rejects invalid CSV imports","duration":33.961199999999735,"failureMessages":[],"meta":{},"tags":[]},{"ancestorTitles":["cards API validation"],"fullName":"cards API validation rejects invalid JSON imports","status":"passed","title":"rejects invalid JSON imports","duration":12.562300000000505,"failureMessages":[],"meta":{},"tags":[]},{"ancestorTitles":["cards API validation"],"fullName":"cards API validation applies rate limiting to import APIs","status":"passed","title":"applies rate limiting to import APIs","duration":34.6877999999997,"failureMessages":[],"meta":{},"tags":[]},{"ancestorTitles":["BM25 search match metadata"],"fullName":"BM25 search match metadata returns title match fields and keywords","status":"passed","title":"returns title match fields and keywords","duration":41.26900000000023,"failureMessages":[],"meta":{},"tags":[]},{"ancestorTitles":["BM25 search match metadata"],"fullName":"BM25 search match metadata returns body match fields and keywords","status":"passed","title":"returns body match fields and keywords","duration":27.722600000000057,"failureMessages":[],"meta":{},"tags":[]},{"ancestorTitles":["BM25 search match metadata"],"fullName":"BM25 search match metadata returns tag match fields and keywords","status":"passed","title":"returns tag match fields and keywords","duration":26.624800000000505,"failureMessages":[],"meta":{},"tags":[]},{"ancestorTitles":["remaining API validation"],"fullName":"remaining API validation rejects an empty scheduler cron expression","status":"passed","title":"rejects an empty scheduler cron expression","duration":12.710299999999734,"failureMessages":[],"meta":{},"tags":[]},{"ancestorTitles":["remaining API validation"],"fullName":"remaining API validation rejects non-boolean collect background flag","status":"passed","title":"rejects non-boolean collect background flag","duration":7.210700000000543,"failureMessages":[],"meta":{},"tags":[]},{"ancestorTitles":["remaining API validation"],"fullName":"remaining API validation rejects invalid collect config","status":"passed","title":"rejects invalid collect config","duration":6.76090000000022,"failureMessages":[],"meta":{},"tags":[]},{"ancestorTitles":["remaining API validation"],"fullName":"remaining API validation rejects an empty run mode id","status":"passed","title":"rejects an empty run mode id","duration":6.59440000000086,"failureMessages":[],"meta":{},"tags":[]},{"ancestorTitles":["directed graph API"],"fullName":"directed graph API preserves both directions when both links exist","status":"passed","title":"preserves both directions when both links exist","duration":73.65629999999965,"failureMessages":[],"meta":{},"tags":[]}],"startTime":1786246921084,"endTime":1786246926426.6562,"status":"passed","message":"","name":"C:/Users/jingh/my-search-app_public/server.test.ts"}]}