{"numTotalTestSuites":7,"numPassedTestSuites":7,"numFailedTestSuites":0,"numPendingTestSuites":0,"numTotalTests":38,"numPassedTests":38,"numFailedTests":0,"numPendingTests":0,"numTodoTests":0,"snapshot":{"added":0,"failure":false,"filesAdded":0,"filesRemoved":0,"filesRemovedList":[],"filesUnmatched":0,"filesUpdated":0,"matched":0,"total":0,"unchecked":0,"uncheckedKeysByFile":[],"unmatched":0,"updated":0,"didUpdate":false},"startTime":1786547309890,"success":true,"testResults":[{"assertionResults":[{"ancestorTitles":[],"fullName":"first_seen_at is set on insert and preserved across recollection","status":"passed","title":"first_seen_at is set on insert and preserved across recollection","duration":28.260500000000093,"failureMessages":[],"meta":{},"tags":[]}],"startTime":1786547310821,"endTime":1786547310849.2605,"status":"passed","message":"","name":"C:/Users/jingh/my-search-app_public/articles-first-seen.test.ts"},{"assertionResults":[{"ancestorTitles":[],"fullName":"query parser preserves raw query, phrases, Japanese terms, synonyms and exclusions","status":"passed","title":"query parser preserves raw query, phrases, Japanese terms, synonyms and exclusions","duration":10.339400000000069,"failureMessages":[],"meta":{},"tags":[]}],"startTime":1786547310667,"endTime":1786547310677.3394,"status":"passed","message":"","name":"C:/Users/jingh/my-search-app_public/query_parser.test.ts"},{"assertionResults":[{"ancestorTitles":["cards API validation"],"fullName":"cards API validation returns health status","status":"passed","title":"returns health status","duration":47.95960000000014,"failureMessages":[],"meta":{},"tags":[]},{"ancestorTitles":["cards API validation"],"fullName":"cards API validation echoes X-Request-Id response header","status":"passed","title":"echoes X-Request-Id response header","duration":15.278000000000247,"failureMessages":[],"meta":{},"tags":[]},{"ancestorTitles":["cards API validation"],"fullName":"cards API validation creates a card","status":"passed","title":"creates a card","duration":556.0185999999999,"failureMessages":[],"meta":{},"tags":[]},{"ancestorTitles":["cards API validation"],"fullName":"cards API validation rejects an empty title","status":"passed","title":"rejects an empty title","duration":19.05009999999993,"failureMessages":[],"meta":{},"tags":[]},{"ancestorTitles":["cards API validation"],"fullName":"cards API validation rejects an oversized body","status":"passed","title":"rejects an oversized body","duration":11.565200000000004,"failureMessages":[],"meta":{},"tags":[]},{"ancestorTitles":["cards API validation"],"fullName":"cards API validation returns 404 for a missing card id","status":"passed","title":"returns 404 for a missing card id","duration":12.561999999999898,"failureMessages":[],"meta":{},"tags":[]},{"ancestorTitles":["cards API validation"],"fullName":"cards API validation updates a card without changing its id","status":"passed","title":"updates a card without changing its id","duration":43.703899999999976,"failureMessages":[],"meta":{},"tags":[]},{"ancestorTitles":["cards API validation"],"fullName":"cards API validation deletes a card","status":"passed","title":"deletes a card","duration":50.167199999999866,"failureMessages":[],"meta":{},"tags":[]},{"ancestorTitles":["cards API validation"],"fullName":"cards API validation removes deleted card ids from other cards links","status":"passed","title":"removes deleted card ids from other cards links","duration":85.00630000000001,"failureMessages":[],"meta":{},"tags":[]},{"ancestorTitles":["cards API validation"],"fullName":"cards API validation rejects bulk operations when ids is not an array","status":"passed","title":"rejects bulk operations when ids is not an array","duration":16.867099999999937,"failureMessages":[],"meta":{},"tags":[]},{"ancestorTitles":["cards API validation"],"fullName":"cards API validation archives, restores, and bulk deletes cards","status":"passed","title":"archives, restores, and bulk deletes cards","duration":77.04070000000002,"failureMessages":[],"meta":{},"tags":[]},{"ancestorTitles":["cards API validation"],"fullName":"cards API validation removes bulk-deleted card ids from remaining cards links","status":"passed","title":"removes bulk-deleted card ids from remaining cards links","duration":133.44209999999975,"failureMessages":[],"meta":{},"tags":[]},{"ancestorTitles":["cards API validation"],"fullName":"cards API validation rejects self links","status":"passed","title":"rejects self links","duration":32.92820000000029,"failureMessages":[],"meta":{},"tags":[]},{"ancestorTitles":["cards API validation"],"fullName":"cards API validation creates directed links and derived backlinks","status":"passed","title":"creates directed links and derived backlinks","duration":142.57720000000018,"failureMessages":[],"meta":{},"tags":[]},{"ancestorTitles":["cards API validation"],"fullName":"cards API validation assigns and removes a card from a KJ group","status":"passed","title":"assigns and removes a card from a KJ group","duration":135.53369999999995,"failureMessages":[],"meta":{},"tags":[]},{"ancestorTitles":["cards API validation"],"fullName":"cards API validation filters card lists by archived state","status":"passed","title":"filters card lists by archived state","duration":85.58840000000009,"failureMessages":[],"meta":{},"tags":[]},{"ancestorTitles":["cards API validation"],"fullName":"cards API validation filters card lists by type","status":"passed","title":"filters card lists by type","duration":61.77760000000035,"failureMessages":[],"meta":{},"tags":[]},{"ancestorTitles":["cards API validation"],"fullName":"cards API validation filters card lists by tag","status":"passed","title":"filters card lists by tag","duration":63.22509999999966,"failureMessages":[],"meta":{},"tags":[]},{"ancestorTitles":["cards API validation"],"fullName":"cards API validation filters card lists by KJ group id","status":"passed","title":"filters card lists by KJ group id","duration":92.08299999999963,"failureMessages":[],"meta":{},"tags":[]},{"ancestorTitles":["cards API validation"],"fullName":"cards API validation keeps GET /api/cards backward compatible as an array without pagination params","status":"passed","title":"keeps GET /api/cards backward compatible as an array without pagination params","duration":49.46199999999999,"failureMessages":[],"meta":{},"tags":[]},{"ancestorTitles":["cards API validation"],"fullName":"cards API validation applies paged limit and offset after sorting by createdAt","status":"passed","title":"applies paged limit and offset after sorting by createdAt","duration":83.73510000000033,"failureMessages":[],"meta":{},"tags":[]},{"ancestorTitles":["cards API validation"],"fullName":"cards API validation uses SQL-backed q filtering across title, body, summary, and tags","status":"passed","title":"uses SQL-backed q filtering across title, body, summary, and tags","duration":114.76120000000037,"failureMessages":[],"meta":{},"tags":[]},{"ancestorTitles":["cards API validation"],"fullName":"cards API validation treats LIKE wildcard and escape characters as literals in q filters","status":"passed","title":"treats LIKE wildcard and escape characters as literals in q filters","duration":92.99049999999988,"failureMessages":[],"meta":{},"tags":[]},{"ancestorTitles":["cards API validation"],"fullName":"cards API validation caps oversized limits and safely handles invalid offsets","status":"passed","title":"caps oversized limits and safely handles invalid offsets","duration":2162.5217000000002,"failureMessages":[],"meta":{},"tags":[]},{"ancestorTitles":["cards API validation"],"fullName":"cards API validation pages over more than 100 cards with limit and offset","status":"passed","title":"pages over more than 100 cards with limit and offset","duration":3197.355599999999,"failureMessages":[],"meta":{},"tags":[]},{"ancestorTitles":["cards API validation"],"fullName":"cards API validation rejects invalid CSV imports","status":"passed","title":"rejects invalid CSV imports","duration":57.0570000000007,"failureMessages":[],"meta":{},"tags":[]},{"ancestorTitles":["cards API validation"],"fullName":"cards API validation rejects invalid JSON imports","status":"passed","title":"rejects invalid JSON imports","duration":19.73619999999937,"failureMessages":[],"meta":{},"tags":[]},{"ancestorTitles":["cards API validation"],"fullName":"cards API validation applies rate limiting to import APIs","status":"passed","title":"applies rate limiting to import APIs","duration":62.380599999998594,"failureMessages":[],"meta":{},"tags":[]},{"ancestorTitles":["BM25 search match metadata"],"fullName":"BM25 search match metadata returns title match fields and keywords","status":"passed","title":"returns title match fields and keywords","duration":68.44970000000103,"failureMessages":[],"meta":{},"tags":[]},{"ancestorTitles":["BM25 search match metadata"],"fullName":"BM25 search match metadata returns body match fields and keywords","status":"passed","title":"returns body match fields and keywords","duration":41.09389999999985,"failureMessages":[],"meta":{},"tags":[]},{"ancestorTitles":["BM25 search match metadata"],"fullName":"BM25 search match metadata returns tag match fields and keywords","status":"passed","title":"returns tag match fields and keywords","duration":43.832800000000134,"failureMessages":[],"meta":{},"tags":[]},{"ancestorTitles":["remaining API validation"],"fullName":"remaining API validation rejects an empty scheduler cron expression","status":"passed","title":"rejects an empty scheduler cron expression","duration":28.120500000000902,"failureMessages":[],"meta":{},"tags":[]},{"ancestorTitles":["remaining API validation"],"fullName":"remaining API validation rejects non-boolean collect background flag","status":"passed","title":"rejects non-boolean collect background flag","duration":13.739399999998568,"failureMessages":[],"meta":{},"tags":[]},{"ancestorTitles":["remaining API validation"],"fullName":"remaining API validation rejects invalid collect config","status":"passed","title":"rejects invalid collect config","duration":9.081300000001647,"failureMessages":[],"meta":{},"tags":[]},{"ancestorTitles":["remaining API validation"],"fullName":"remaining API validation rejects an empty run mode id","status":"passed","title":"rejects an empty run mode id","duration":9.417199999999866,"failureMessages":[],"meta":{},"tags":[]},{"ancestorTitles":["directed graph API"],"fullName":"directed graph API preserves both directions when both links exist","status":"passed","title":"preserves both directions when both links exist","duration":123.11269999999968,"failureMessages":[],"meta":{},"tags":[]}],"startTime":1786547312367,"endTime":1786547320233.1128,"status":"passed","message":"","name":"C:/Users/jingh/my-search-app_public/server.test.ts"}]}